『 2016/04/12 09:21:18 』
-----------------------------------------------------------------------------------------
Global:Application_start，發生錯誤: 無法連接資料庫!
   於 System.Data.SqlClient.SqlInternalConnectionTds..ctor(DbConnectionPoolIdentity identity, SqlConnectionString connectionOptions, SqlCredential credential, Object providerInfo, String newPassword, SecureString newSecurePassword, Boolean redirectedUserInstance, SqlConnectionString userConnectionOptions, SessionData reconnectSessionData, DbConnectionPool pool, String accessToken, Boolean applyTransientFaultHandling)
   於 System.Data.SqlClient.SqlConnectionFactory.CreateConnection(DbConnectionOptions options, DbConnectionPoolKey poolKey, Object poolGroupProviderInfo, DbConnectionPool pool, DbConnection owningConnection, DbConnectionOptions userOptions)
   於 System.Data.ProviderBase.DbConnectionFactory.CreatePooledConnection(DbConnectionPool pool, DbConnection owningObject, DbConnectionOptions options, DbConnectionPoolKey poolKey, DbConnectionOptions userOptions)
   於 System.Data.ProviderBase.DbConnectionPool.CreateObject(DbConnection owningObject, DbConnectionOptions userOptions, DbConnectionInternal oldConnection)
   於 System.Data.ProviderBase.DbConnectionPool.UserCreateRequest(DbConnection owningObject, DbConnectionOptions userOptions, DbConnectionInternal oldConnection)
   於 System.Data.ProviderBase.DbConnectionPool.TryGetConnection(DbConnection owningObject, UInt32 waitForMultipleObjectsTimeout, Boolean allowCreate, Boolean onlyOneCheckConnection, DbConnectionOptions userOptions, DbConnectionInternal& connection)
   於 System.Data.ProviderBase.DbConnectionPool.TryGetConnection(DbConnection owningObject, TaskCompletionSource`1 retry, DbConnectionOptions userOptions, DbConnectionInternal& connection)
   於 System.Data.ProviderBase.DbConnectionFactory.TryGetConnection(DbConnection owningConnection, TaskCompletionSource`1 retry, DbConnectionOptions userOptions, DbConnectionInternal oldConnection, DbConnectionInternal& connection)
   於 System.Data.ProviderBase.DbConnectionInternal.TryOpenConnectionInternal(DbConnection outerConnection, DbConnectionFactory connectionFactory, TaskCompletionSource`1 retry, DbConnectionOptions userOptions)
   於 System.Data.ProviderBase.DbConnectionClosed.TryOpenConnection(DbConnection outerConnection, DbConnectionFactory connectionFactory, TaskCompletionSource`1 retry, DbConnectionOptions userOptions)
   於 System.Data.SqlClient.SqlConnection.TryOpenInner(TaskCompletionSource`1 retry)
   於 System.Data.SqlClient.SqlConnection.TryOpen(TaskCompletionSource`1 retry)
   於 System.Data.SqlClient.SqlConnection.Open()
   於 Util.Database.SqlHelper.PrepareCommand(IDbCommand cmd, IDbConnection conn, IDbTransaction trans, CommandType cmdType, String cmdText, IDataParameter[] cmdParms)
   於 Util.Database.SqlHelper.ExecuteReader(String connectionString, CommandType cmdType, String cmdText, IDataParameter[] commandParameters)
   於 Util.CommonDbHelper.GetDataTable(CommandType cmdType, String cmdText, IDataParameter[] commandParameters)
   於 Util.CommonDbHelper.GetDataTable(String cmdText, IDataParameter[] commandParameters)
   於 DataAccess.Common.CommonData.GetSysConfig() 於 C:\Users\Saki\Desktop\ActivityApply\DataAccess\Common\CommonData.cs: 行 21
   於 Web.Global.InitSysConfig() 於 C:\Users\Saki\Desktop\ActivityApply\ActivityApply\Global.asax.cs: 行 87
   於 Web.Global.Application_Start(Object sender, EventArgs e) 於 C:\Users\Saki\Desktop\ActivityApply\ActivityApply\Global.asax.cs: 行 34

『 2016/04/12 09:39:23 』
-----------------------------------------------------------------------------------------
Global:Application_start，發生錯誤: 無法連接資料庫!
   於 System.Data.SqlClient.SqlInternalConnectionTds..ctor(DbConnectionPoolIdentity identity, SqlConnectionString connectionOptions, SqlCredential credential, Object providerInfo, String newPassword, SecureString newSecurePassword, Boolean redirectedUserInstance, SqlConnectionString userConnectionOptions, SessionData reconnectSessionData, DbConnectionPool pool, String accessToken, Boolean applyTransientFaultHandling)
   於 System.Data.SqlClient.SqlConnectionFactory.CreateConnection(DbConnectionOptions options, DbConnectionPoolKey poolKey, Object poolGroupProviderInfo, DbConnectionPool pool, DbConnection owningConnection, DbConnectionOptions userOptions)
   於 System.Data.ProviderBase.DbConnectionFactory.CreatePooledConnection(DbConnectionPool pool, DbConnection owningObject, DbConnectionOptions options, DbConnectionPoolKey poolKey, DbConnectionOptions userOptions)
   於 System.Data.ProviderBase.DbConnectionPool.CreateObject(DbConnection owningObject, DbConnectionOptions userOptions, DbConnectionInternal oldConnection)
   於 System.Data.ProviderBase.DbConnectionPool.UserCreateRequest(DbConnection owningObject, DbConnectionOptions userOptions, DbConnectionInternal oldConnection)
   於 System.Data.ProviderBase.DbConnectionPool.TryGetConnection(DbConnection owningObject, UInt32 waitForMultipleObjectsTimeout, Boolean allowCreate, Boolean onlyOneCheckConnection, DbConnectionOptions userOptions, DbConnectionInternal& connection)
   於 System.Data.ProviderBase.DbConnectionPool.TryGetConnection(DbConnection owningObject, TaskCompletionSource`1 retry, DbConnectionOptions userOptions, DbConnectionInternal& connection)
   於 System.Data.ProviderBase.DbConnectionFactory.TryGetConnection(DbConnection owningConnection, TaskCompletionSource`1 retry, DbConnectionOptions userOptions, DbConnectionInternal oldConnection, DbConnectionInternal& connection)
   於 System.Data.ProviderBase.DbConnectionInternal.TryOpenConnectionInternal(DbConnection outerConnection, DbConnectionFactory connectionFactory, TaskCompletionSource`1 retry, DbConnectionOptions userOptions)
   於 System.Data.ProviderBase.DbConnectionClosed.TryOpenConnection(DbConnection outerConnection, DbConnectionFactory connectionFactory, TaskCompletionSource`1 retry, DbConnectionOptions userOptions)
   於 System.Data.SqlClient.SqlConnection.TryOpenInner(TaskCompletionSource`1 retry)
   於 System.Data.SqlClient.SqlConnection.TryOpen(TaskCompletionSource`1 retry)
   於 System.Data.SqlClient.SqlConnection.Open()
   於 Util.Database.SqlHelper.PrepareCommand(IDbCommand cmd, IDbConnection conn, IDbTransaction trans, CommandType cmdType, String cmdText, IDataParameter[] cmdParms)
   於 Util.Database.SqlHelper.ExecuteReader(String connectionString, CommandType cmdType, String cmdText, IDataParameter[] commandParameters)
   於 Util.CommonDbHelper.GetDataTable(CommandType cmdType, String cmdText, IDataParameter[] commandParameters)
   於 Util.CommonDbHelper.GetDataTable(String cmdText, IDataParameter[] commandParameters)
   於 DataAccess.Common.CommonData.GetSysConfig() 於 C:\Users\Saki\Desktop\ActivityApply\DataAccess\Common\CommonData.cs: 行 21
   於 Web.Global.InitSysConfig() 於 C:\Users\Saki\Desktop\ActivityApply\ActivityApply\Global.asax.cs: 行 87
   於 Web.Global.Application_Start(Object sender, EventArgs e) 於 C:\Users\Saki\Desktop\ActivityApply\ActivityApply\Global.asax.cs: 行 34

